<?xml version="1.0" encoding="UTF-8"?>
<!-- Generated by org.testng.reporters.JUnitXMLReporter -->
<testsuite ignored="0" hostname="DESKTOP-L2B07D5" failures="1" tests="1" name="Default test(failed)" time="47.318" errors="0" timestamp="04 Sep 2022 14:29:28 GMT">
  <testcase classname="testCases.TC_AddCustomerTest_003" name="addNewCustomer" time="39.992">
    <failure type="java.lang.NullPointerException" message="Cannot invoke &amp;quot;org.openqa.selenium.support.ui.WebDriverWait.until(java.util.function.Function)&amp;quot; because &amp;quot;this.w&amp;quot; is null">
      <![CDATA[java.lang.NullPointerException: Cannot invoke "org.openqa.selenium.support.ui.WebDriverWait.until(java.util.function.Function)" because "this.w" is null
at testCases.TC_AddCustomerTest_003.addNewCustomer(TC_AddCustomerTest_003.java:103)
... Removed 25 stack frames]]>
    </failure>
  </testcase> <!-- addNewCustomer -->
</testsuite> <!-- Default test(failed) -->
