<?xml version="1.0" encoding="UTF-8"?>
<testsuite name="TestSuite" time="72.01" tests="2" errors="0" skipped="0" failures="1">
  <properties>
[...]
</properties>
  <testcase name="loginTest" classname="testCases.TC_LoginTest_001" time="50.211">
    <failure message="unexpected alert open: {Alert text : DataTables warning: table id=average-order-report-grid - Ajax error. For more information about this error, please see http://datatables.net/tn/7}&#10;  (Session info: chrome=104.0.5112.102): DataTables warning: table id=average-order-report-grid - Ajax error. For more information about this error, please see http://datatables.net/tn/7&#10;Build info: version: &apos;3.141.59&apos;, revision: &apos;e82be7d358&apos;, time: &apos;2018-11-14T08:17:03&apos;&#10;System info: host: &apos;DESKTOP-L2B07D5&apos;, ip: &apos;192.168.0.103&apos;, os.name: &apos;Windows 10&apos;, os.arch: &apos;amd64&apos;, os.version: &apos;10.0&apos;, java.version: &apos;1.8.0_231&apos;&#10;Driver info: org.openqa.selenium.chrome.ChromeDriver&#10;Capabilities {acceptInsecureCerts: false, browserName: chrome, browserVersion: 104.0.5112.102, chrome: {chromedriverVersion: 104.0.5112.20 (9ac43f954ebb..., userDataDir: C:\Users\QA\AppData\Local\T...}, goog:chromeOptions: {debuggerAddress: localhost:61376}, javascriptEnabled: true, networkConnectionEnabled: false, pageLoadStrategy: normal, platform: WINDOWS, platformName: WINDOWS, proxy: Proxy(), setWindowRect: true, strictFileInteractability: false, timeouts: {implicit: 0, pageLoad: 300000, script: 30000}, unhandledPromptBehavior: dismiss and notify, webauthn:extension:credBlob: true, webauthn:extension:largeBlob: true, webauthn:virtualAuthenticators: true}&#10;Session ID: ccbd02a9489921bd921c89a0a4999166" type="org.openqa.selenium.UnhandledAlertException">org.openqa.selenium.UnhandledAlertException: unexpected alert open: {Alert text : DataTables warning: table id=average-order-report-grid - Ajax error. For more information about this error, please see http://datatables.net/tn/7}
  (Session info: chrome=104.0.5112.102): DataTables warning: table id=average-order-report-grid - Ajax error. For more information about this error, please see http://datatables.net/tn/7
Build info: version: '3.141.59', revision: 'e82be7d358', time: '2018-11-14T08:17:03'
System info: host: 'DESKTOP-L2B07D5', ip: '192.168.0.103', os.name: 'Windows 10', os.arch: 'amd64', os.version: '10.0', java.version: '1.8.0_231'
Driver info: org.openqa.selenium.chrome.ChromeDriver
Capabilities {acceptInsecureCerts: false, browserName: chrome, browserVersion: 104.0.5112.102, chrome: {chromedriverVersion: 104.0.5112.20 (9ac43f954ebb..., userDataDir: C:\Users\QA\AppData\Local\T...}, goog:chromeOptions: {debuggerAddress: localhost:61376}, javascriptEnabled: true, networkConnectionEnabled: false, pageLoadStrategy: normal, platform: WINDOWS, platformName: WINDOWS, proxy: Proxy(), setWindowRect: true, strictFileInteractability: false, timeouts: {implicit: 0, pageLoad: 300000, script: 30000}, unhandledPromptBehavior: dismiss and notify, webauthn:extension:credBlob: true, webauthn:extension:largeBlob: true, webauthn:virtualAuthenticators: true}
Session ID: ccbd02a9489921bd921c89a0a4999166
	at org.openqa.selenium.remote.http.W3CHttpResponseCodec.decode(W3CHttpResponseCodec.java:120)
	at org.openqa.selenium.remote.http.W3CHttpResponseCodec.decode(W3CHttpResponseCodec.java:49)
	at org.openqa.selenium.remote.HttpCommandExecutor.execute(HttpCommandExecutor.java:158)
	at org.openqa.selenium.remote.service.DriverCommandExecutor.execute(DriverCommandExecutor.java:83)
	at org.openqa.selenium.remote.RemoteWebDriver.execute(RemoteWebDriver.java:552)
	at org.openqa.selenium.remote.RemoteWebDriver.execute(RemoteWebDriver.java:609)
	at org.openqa.selenium.remote.RemoteWebDriver.getTitle(RemoteWebDriver.java:281)
	at testCases.TC_LoginTest_001.loginTest(TC_LoginTest_001.java:31)
</failure>
    <system-out><![CDATA[[TestNGContentHandler] [WARN] It is strongly recommended to add "<!DOCTYPE suite SYSTEM "http://testng.org/testng-1.0.dtd" >" at the top of your file, otherwise TestNG may fail or not work as expected.
 INFO [TestNG-tests-1] (BaseClass.java:44)- Browser launched.....
 INFO [TestNG-tests-1] (TC_LoginTest_001.java:22)- User provided
 INFO [TestNG-tests-1] (TC_LoginTest_001.java:25)- Password provided
 INFO [TestNG-tests-1] (TC_LoginTest_001.java:28)- Login in Clicked...
]]></system-out>
    <system-err><![CDATA[Starting ChromeDriver 104.0.5112.20 (9ac43f954ebb5ba04ccafa8b188ac8f917d8c255-refs/branch-heads/5112@{#188}) on port 27232
Only local connections are allowed.
Please see https://chromedriver.chromium.org/security-considerations for suggestions on keeping ChromeDriver safe.
ChromeDriver was started successfully.
Sep 04, 2022 10:27:03 PM org.openqa.selenium.remote.ProtocolHandshake createSession
INFO: Detected dialect: W3C
]]></system-err>
  </testcase>
  <testcase name="addNewCustomer" classname="testCases.TC_AddCustomerTest_003" time="21.799"/>
</testsuite>