<?xml version="1.0" encoding="UTF-8"?>
<testng-results ignored="0" total="2" passed="2" failed="0" skipped="0">
  <reporter-output>
  </reporter-output>
  <suite started-at="2022-09-04T14:38:24Z" name="nopCommerce" finished-at="2022-09-04T14:40:22Z" duration-ms="117630">
    <groups>
    </groups>
    <test started-at="2022-09-04T14:38:24Z" name="nopCommerce Test2" finished-at="2022-09-04T14:40:22Z" duration-ms="117630">
      <class name="testCases.TC_AddCustomerTest_003">
        <test-method is-config="true" signature="setup()[pri:0, instance:testCases.TC_AddCustomerTest_003@5082d622]" started-at="2022-09-04T14:38:41Z" name="setup" finished-at="2022-09-04T14:38:47Z" duration-ms="6066" status="PASS">
          <reporter-output>
          </reporter-output>
        </test-method> <!-- setup -->
        <test-method signature="addNewCustomer()[pri:0, instance:testCases.TC_AddCustomerTest_003@5082d622]" started-at="2022-09-04T14:38:47Z" name="addNewCustomer" finished-at="2022-09-04T14:40:22Z" duration-ms="94885" status="PASS">
          <reporter-output>
          </reporter-output>
        </test-method> <!-- addNewCustomer -->
        <test-method is-config="true" signature="tearDown()[pri:0, instance:testCases.TC_AddCustomerTest_003@5082d622]" started-at="2022-09-04T14:40:22Z" name="tearDown" finished-at="2022-09-04T14:40:22Z" duration-ms="261" status="PASS">
          <reporter-output>
          </reporter-output>
        </test-method> <!-- tearDown -->
      </class> <!-- testCases.TC_AddCustomerTest_003 -->
      <class name="testCases.TC_LoginTest_001">
        <test-method is-config="true" signature="setup()[pri:0, instance:testCases.TC_LoginTest_001@18e36d14]" started-at="2022-09-04T14:38:24Z" name="setup" finished-at="2022-09-04T14:38:31Z" duration-ms="6849" status="PASS">
          <reporter-output>
          </reporter-output>
        </test-method> <!-- setup -->
        <test-method signature="loginTest()[pri:0, instance:testCases.TC_LoginTest_001@18e36d14]" started-at="2022-09-04T14:38:31Z" name="loginTest" finished-at="2022-09-04T14:38:40Z" duration-ms="9317" status="PASS">
          <reporter-output>
          </reporter-output>
        </test-method> <!-- loginTest -->
        <test-method is-config="true" signature="tearDown()[pri:0, instance:testCases.TC_LoginTest_001@18e36d14]" started-at="2022-09-04T14:38:40Z" name="tearDown" finished-at="2022-09-04T14:38:41Z" duration-ms="222" status="PASS">
          <reporter-output>
          </reporter-output>
        </test-method> <!-- tearDown -->
      </class> <!-- testCases.TC_LoginTest_001 -->
    </test> <!-- nopCommerce Test2 -->
  </suite> <!-- nopCommerce -->
</testng-results>
